{"/home/engineer/Documents/Estudios-REACT/React/02-first-steps/src/FirstStepsApp.tsx": {"path":"/home/engineer/Documents/Estudios-REACT/React/02-first-steps/src/FirstStepsApp.tsx","all":false,"statementMap":{"0":{"start":{"line":1,"column":0},"end":{"line":1,"column":46}},"1":{"start":{"line":2,"column":0},"end":{"line":2,"column":58}},"8":{"start":{"line":9,"column":0},"end":{"line":9,"column":32}},"9":{"start":{"line":10,"column":0},"end":{"line":10,"column":52}},"10":{"start":{"line":11,"column":0},"end":{"line":11,"column":49}},"11":{"start":{"line":12,"column":0},"end":{"line":12,"column":46}},"12":{"start":{"line":13,"column":0},"end":{"line":13,"column":1}},"14":{"start":{"line":15,"column":0},"end":{"line":15,"column":33}},"15":{"start":{"line":16,"column":0},"end":{"line":16,"column":10}},"16":{"start":{"line":17,"column":0},"end":{"line":17,"column":6}},"17":{"start":{"line":18,"column":0},"end":{"line":18,"column":27}},"18":{"start":{"line":19,"column":0},"end":{"line":19,"column":32}},"19":{"start":{"line":20,"column":0},"end":{"line":20,"column":31}},"20":{"start":{"line":21,"column":0},"end":{"line":21,"column":11}},"21":{"start":{"line":22,"column":0},"end":{"line":22,"column":39}},"23":{"start":{"line":24,"column":0},"end":{"line":24,"column":12}},"24":{"start":{"line":25,"column":0},"end":{"line":25,"column":33}},"26":{"start":{"line":27,"column":0},"end":{"line":27,"column":54}},"27":{"start":{"line":28,"column":0},"end":{"line":28,"column":82}},"30":{"start":{"line":31,"column":0},"end":{"line":31,"column":12}},"31":{"start":{"line":32,"column":0},"end":{"line":32,"column":22}},"34":{"start":{"line":35,"column":0},"end":{"line":35,"column":1}}},"s":{"0":1,"1":1,"8":1,"9":1,"10":1,"11":1,"12":1,"14":1,"15":3,"16":3,"17":3,"18":3,"19":3,"20":3,"21":3,"23":3,"24":3,"26":3,"27":3,"30":3,"31":3,"34":3},"branchMap":{"0":{"type":"branch","line":15,"loc":{"start":{"line":15,"column":7},"end":{"line":35,"column":1}},"locations":[{"start":{"line":15,"column":7},"end":{"line":35,"column":1}}]}},"b":{"0":[3]},"fnMap":{"0":{"name":"FirstStepsApp","decl":{"start":{"line":15,"column":7},"end":{"line":35,"column":1}},"loc":{"start":{"line":15,"column":7},"end":{"line":35,"column":1}},"line":15}},"f":{"0":3}}
,"/home/engineer/Documents/Estudios-REACT/React/02-first-steps/src/MyAwesomeApp.tsx": {"path":"/home/engineer/Documents/Estudios-REACT/React/02-first-steps/src/MyAwesomeApp.tsx","all":false,"statementMap":{"0":{"start":{"line":1,"column":0},"end":{"line":1,"column":29}},"3":{"start":{"line":4,"column":0},"end":{"line":4,"column":2}},"7":{"start":{"line":8,"column":0},"end":{"line":8,"column":24}},"8":{"start":{"line":9,"column":0},"end":{"line":9,"column":30}},"9":{"start":{"line":10,"column":0},"end":{"line":10,"column":64}},"10":{"start":{"line":11,"column":0},"end":{"line":11,"column":22}},"11":{"start":{"line":12,"column":0},"end":{"line":12,"column":17}},"12":{"start":{"line":13,"column":0},"end":{"line":13,"column":23}},"13":{"start":{"line":14,"column":0},"end":{"line":14,"column":24}},"14":{"start":{"line":15,"column":0},"end":{"line":15,"column":2}},"15":{"start":{"line":16,"column":0},"end":{"line":16,"column":32}},"16":{"start":{"line":17,"column":0},"end":{"line":17,"column":31}},"17":{"start":{"line":18,"column":0},"end":{"line":18,"column":77}},"18":{"start":{"line":19,"column":0},"end":{"line":19,"column":16}},"19":{"start":{"line":20,"column":0},"end":{"line":20,"column":1}},"21":{"start":{"line":22,"column":0},"end":{"line":22,"column":32}},"23":{"start":{"line":24,"column":0},"end":{"line":24,"column":12}},"24":{"start":{"line":25,"column":0},"end":{"line":25,"column":10}},"25":{"start":{"line":26,"column":0},"end":{"line":26,"column":27}},"26":{"start":{"line":27,"column":0},"end":{"line":27,"column":31}},"27":{"start":{"line":28,"column":0},"end":{"line":28,"column":44}},"28":{"start":{"line":29,"column":0},"end":{"line":29,"column":32}},"29":{"start":{"line":30,"column":0},"end":{"line":30,"column":54}},"30":{"start":{"line":31,"column":0},"end":{"line":31,"column":32}},"31":{"start":{"line":32,"column":0},"end":{"line":32,"column":46}},"34":{"start":{"line":35,"column":0},"end":{"line":35,"column":1}}},"s":{"0":1,"3":1,"7":1,"8":1,"9":1,"10":1,"11":1,"12":1,"13":1,"14":1,"15":1,"16":1,"17":1,"18":1,"19":1,"21":1,"23":6,"24":6,"25":6,"26":6,"27":6,"28":6,"29":6,"30":6,"31":6,"34":6},"branchMap":{"0":{"type":"branch","line":18,"loc":{"start":{"line":18,"column":29},"end":{"line":18,"column":38}},"locations":[{"start":{"line":18,"column":29},"end":{"line":18,"column":38}}]},"1":{"type":"branch","line":22,"loc":{"start":{"line":22,"column":7},"end":{"line":35,"column":1}},"locations":[{"start":{"line":22,"column":7},"end":{"line":35,"column":1}}]},"2":{"type":"branch","line":30,"loc":{"start":{"line":30,"column":27},"end":{"line":30,"column":54}},"locations":[{"start":{"line":30,"column":27},"end":{"line":30,"column":54}}]}},"b":{"0":[0],"1":[6],"2":[0]},"fnMap":{"0":{"name":"MyAwesomeApp","decl":{"start":{"line":22,"column":7},"end":{"line":35,"column":1}},"loc":{"start":{"line":22,"column":7},"end":{"line":35,"column":1}},"line":22}},"f":{"0":6}}
,"/home/engineer/Documents/Estudios-REACT/React/02-first-steps/src/main.tsx": {"path":"/home/engineer/Documents/Estudios-REACT/React/02-first-steps/src/main.tsx","all":true,"statementMap":{"0":{"start":{"line":1,"column":0},"end":{"line":1,"column":25}},"1":{"start":{"line":2,"column":0},"end":{"line":2,"column":39}},"2":{"start":{"line":3,"column":0},"end":{"line":3,"column":48}},"4":{"start":{"line":5,"column":0},"end":{"line":5,"column":75}},"5":{"start":{"line":6,"column":0},"end":{"line":6,"column":20}},"6":{"start":{"line":7,"column":0},"end":{"line":7,"column":20}}},"s":{"0":0,"1":0,"2":0,"4":0,"5":0,"6":0},"branchMap":{"0":{"type":"branch","line":1,"loc":{"start":{"line":1,"column":258},"end":{"line":9,"column":1}},"locations":[{"start":{"line":1,"column":258},"end":{"line":9,"column":1}}]}},"b":{"0":[0]},"fnMap":{"0":{"name":"(empty-report)","decl":{"start":{"line":1,"column":258},"end":{"line":9,"column":1}},"loc":{"start":{"line":1,"column":258},"end":{"line":9,"column":1}},"line":1}},"f":{"0":0}}
,"/home/engineer/Documents/Estudios-REACT/React/02-first-steps/src/helpers/math.helper.ts": {"path":"/home/engineer/Documents/Estudios-REACT/React/02-first-steps/src/helpers/math.helper.ts","all":false,"statementMap":{"0":{"start":{"line":1,"column":0},"end":{"line":1,"column":51}},"1":{"start":{"line":2,"column":0},"end":{"line":2,"column":56}},"2":{"start":{"line":3,"column":0},"end":{"line":3,"column":56}},"3":{"start":{"line":4,"column":0},"end":{"line":4,"column":54}}},"s":{"0":1,"1":1,"2":1,"3":1},"branchMap":{"0":{"type":"branch","line":1,"loc":{"start":{"line":1,"column":19},"end":{"line":1,"column":51}},"locations":[{"start":{"line":1,"column":19},"end":{"line":1,"column":51}}]}},"b":{"0":[2]},"fnMap":{"0":{"name":"add","decl":{"start":{"line":1,"column":19},"end":{"line":1,"column":51}},"loc":{"start":{"line":1,"column":19},"end":{"line":1,"column":51}},"line":1},"1":{"name":"subtract","decl":{"start":{"line":2,"column":24},"end":{"line":2,"column":56}},"loc":{"start":{"line":2,"column":24},"end":{"line":2,"column":56}},"line":2},"2":{"name":"multiply","decl":{"start":{"line":3,"column":24},"end":{"line":3,"column":56}},"loc":{"start":{"line":3,"column":24},"end":{"line":3,"column":56}},"line":3},"3":{"name":"divide","decl":{"start":{"line":4,"column":22},"end":{"line":4,"column":54}},"loc":{"start":{"line":4,"column":22},"end":{"line":4,"column":54}},"line":4}},"f":{"0":2,"1":0,"2":0,"3":0}}
,"/home/engineer/Documents/Estudios-REACT/React/02-first-steps/src/shopping-cart/ItemCounter.tsx": {"path":"/home/engineer/Documents/Estudios-REACT/React/02-first-steps/src/shopping-cart/ItemCounter.tsx","all":false,"statementMap":{"0":{"start":{"line":1,"column":0},"end":{"line":1,"column":33}},"2":{"start":{"line":3,"column":0},"end":{"line":3,"column":27}},"4":{"start":{"line":5,"column":0},"end":{"line":5,"column":74}},"6":{"start":{"line":7,"column":0},"end":{"line":7,"column":49}},"8":{"start":{"line":9,"column":0},"end":{"line":9,"column":30}},"9":{"start":{"line":10,"column":0},"end":{"line":10,"column":45}},"10":{"start":{"line":11,"column":0},"end":{"line":11,"column":52}},"11":{"start":{"line":12,"column":0},"end":{"line":12,"column":28}},"12":{"start":{"line":13,"column":0},"end":{"line":13,"column":5}},"13":{"start":{"line":14,"column":0},"end":{"line":14,"column":35}},"14":{"start":{"line":15,"column":0},"end":{"line":15,"column":32}},"15":{"start":{"line":16,"column":0},"end":{"line":16,"column":49}},"16":{"start":{"line":17,"column":0},"end":{"line":17,"column":27}},"17":{"start":{"line":18,"column":0},"end":{"line":18,"column":45}},"18":{"start":{"line":19,"column":0},"end":{"line":19,"column":5}},"20":{"start":{"line":21,"column":0},"end":{"line":21,"column":12}},"21":{"start":{"line":22,"column":0},"end":{"line":22,"column":37}},"24":{"start":{"line":25,"column":0},"end":{"line":25,"column":102}},"25":{"start":{"line":26,"column":0},"end":{"line":26,"column":19}},"26":{"start":{"line":27,"column":0},"end":{"line":27,"column":73}},"27":{"start":{"line":28,"column":0},"end":{"line":28,"column":48}},"28":{"start":{"line":29,"column":0},"end":{"line":29,"column":24}},"29":{"start":{"line":30,"column":0},"end":{"line":30,"column":32}},"30":{"start":{"line":31,"column":0},"end":{"line":31,"column":19}},"31":{"start":{"line":32,"column":0},"end":{"line":32,"column":53}},"32":{"start":{"line":33,"column":0},"end":{"line":33,"column":24}},"35":{"start":{"line":36,"column":0},"end":{"line":36,"column":1}}},"s":{"0":1,"2":1,"4":1,"6":8,"8":8,"9":1,"10":1,"11":1,"12":1,"13":8,"14":2,"15":1,"16":1,"17":1,"18":1,"20":8,"21":8,"24":8,"25":8,"26":8,"27":8,"28":8,"29":8,"30":8,"31":8,"32":8,"35":8},"branchMap":{"0":{"type":"branch","line":5,"loc":{"start":{"line":5,"column":27},"end":{"line":36,"column":1}},"locations":[{"start":{"line":5,"column":27},"end":{"line":36,"column":1}}]},"1":{"type":"branch","line":25,"loc":{"start":{"line":25,"column":66},"end":{"line":25,"column":78}},"locations":[{"start":{"line":25,"column":66},"end":{"line":25,"column":78}}]},"2":{"type":"branch","line":25,"loc":{"start":{"line":25,"column":70},"end":{"line":25,"column":86}},"locations":[{"start":{"line":25,"column":70},"end":{"line":25,"column":86}}]},"3":{"type":"branch","line":9,"loc":{"start":{"line":9,"column":23},"end":{"line":13,"column":5}},"locations":[{"start":{"line":9,"column":23},"end":{"line":13,"column":5}}]},"4":{"type":"branch","line":14,"loc":{"start":{"line":14,"column":28},"end":{"line":19,"column":5}},"locations":[{"start":{"line":14,"column":28},"end":{"line":19,"column":5}}]},"5":{"type":"branch","line":15,"loc":{"start":{"line":15,"column":25},"end":{"line":19,"column":5}},"locations":[{"start":{"line":15,"column":25},"end":{"line":19,"column":5}}]},"6":{"type":"branch","line":28,"loc":{"start":{"line":28,"column":25},"end":{"line":28,"column":48}},"locations":[{"start":{"line":28,"column":25},"end":{"line":28,"column":48}}]},"7":{"type":"branch","line":32,"loc":{"start":{"line":32,"column":25},"end":{"line":32,"column":53}},"locations":[{"start":{"line":32,"column":25},"end":{"line":32,"column":53}}]}},"b":{"0":[8],"1":[4],"2":[4],"3":[1],"4":[2],"5":[1],"6":[1],"7":[2]},"fnMap":{"0":{"name":"ItemCounter","decl":{"start":{"line":5,"column":27},"end":{"line":36,"column":1}},"loc":{"start":{"line":5,"column":27},"end":{"line":36,"column":1}},"line":5},"1":{"name":"handlerAdd","decl":{"start":{"line":9,"column":23},"end":{"line":13,"column":5}},"loc":{"start":{"line":9,"column":23},"end":{"line":13,"column":5}},"line":9},"2":{"name":"handlerSubtract","decl":{"start":{"line":14,"column":28},"end":{"line":19,"column":5}},"loc":{"start":{"line":14,"column":28},"end":{"line":19,"column":5}},"line":14},"3":{"name":"onClick","decl":{"start":{"line":28,"column":25},"end":{"line":28,"column":48}},"loc":{"start":{"line":28,"column":25},"end":{"line":28,"column":48}},"line":28},"4":{"name":"onClick","decl":{"start":{"line":32,"column":25},"end":{"line":32,"column":53}},"loc":{"start":{"line":32,"column":25},"end":{"line":32,"column":53}},"line":32}},"f":{"0":8,"1":1,"2":2,"3":1,"4":2}}
,"/home/engineer/Documents/Estudios-REACT/React/02-first-steps/src/shopping-cart/interfaceItemCounter.ts": {"path":"/home/engineer/Documents/Estudios-REACT/React/02-first-steps/src/shopping-cart/interfaceItemCounter.ts","all":true,"statementMap":{},"s":{},"branchMap":{"0":{"type":"branch","line":1,"loc":{"start":{"line":1,"column":167},"end":{"line":7,"column":1}},"locations":[{"start":{"line":1,"column":167},"end":{"line":7,"column":1}}]}},"b":{"0":[1]},"fnMap":{"0":{"name":"(empty-report)","decl":{"start":{"line":1,"column":167},"end":{"line":7,"column":1}},"loc":{"start":{"line":1,"column":167},"end":{"line":7,"column":1}},"line":1}},"f":{"0":1}}
}
